<?xml version="1.0" encoding="UTF-8"?>
<!-- Generated by org.testng.reporters.JUnitReportReporter -->
<testsuite hostname="PROBOOK" failures="0" tests="9" name="lesson9.myTestCase" time="0.686" errors="0" timestamp="2024-06-10T12:52:45 EET" skipped="7">
  <testcase classname="lesson9.myTestCase" name="loginTest" time="0.362"/>
  <system-out/>
  <testcase classname="lesson9.myTestCase" name="above15" time="0.324"/>
  <system-out/>
  <testcase classname="lesson9.myTestCase" name="addoneitemandskipthenextonetoright">
    <skipped/>
  </testcase> <!-- addoneitemandskipthenextonetoright -->
  <system-out/>
  <testcase classname="lesson9.myTestCase" name="findallelementthatTextlabs">
    <skipped/>
  </testcase> <!-- findallelementthatTextlabs -->
  <system-out/>
  <testcase classname="lesson9.myTestCase" name="addoneitemandskipthenextone">
    <skipped/>
  </testcase> <!-- addoneitemandskipthenextone -->
  <system-out/>
  <testcase classname="lesson9.myTestCase" name="notalltextlabs">
    <skipped/>
  </testcase> <!-- notalltextlabs -->
  <system-out/>
  <testcase classname="lesson9.myTestCase" name="addAllItem">
    <skipped/>
  </testcase> <!-- addAllItem -->
  <system-out/>
  <testcase classname="lesson9.myTestCase" name="addfoureiteamandskipthem">
    <skipped/>
  </testcase> <!-- addfoureiteamandskipthem -->
  <system-out/>
  <testcase classname="lesson9.myTestCase" name="addallitemexceptionthree">
    <skipped/>
  </testcase> <!-- addallitemexceptionthree -->
  <system-out/>
</testsuite> <!-- lesson9.myTestCase -->
